<?xml version="1.0" encoding="UTF-8"?>
<!-- Generated by org.testng.reporters.JUnitReportReporter -->
<testsuite skipped="0" hostname="Alkesh" name="com.qa.SampleTest" tests="1" failures="0" timestamp="2022-12-07T13:42:57 IST" time="59.252" errors="0">
  <testcase name="verifyPageTitle" time="59.252" classname="com.qa.SampleTest"/>
  <system-out/>
</testsuite> <!-- com.qa.SampleTest -->
