<?xml version="1.0" encoding="UTF-8"?>
<!-- Generated by org.testng.reporters.JUnitReportReporter -->
<testsuite hostname="Alkesh" failures="0" tests="1" name="com.qa.SampleTest" time="29.126" errors="0" timestamp="2022-12-07T15:13:17 IST" skipped="0">
  <testcase classname="com.qa.SampleTest" name="verifyPageTitle" time="29.126"/>
  <system-out/>
</testsuite> <!-- com.qa.SampleTest -->
